<?xml version="1.0" encoding="UTF-8"?>
<testsuite name="HeroTest" tests="11" skipped="0" failures="0" errors="0" timestamp="2019-04-14T11:02:50" hostname="DESKTOP-PGJJKBQ" time="0.008">
  <properties/>
  <testcase name="savesWeakness" classname="HeroTest" time="0.003"/>
  <testcase name="getId_heroInstantiateWithAnId_1" classname="HeroTest" time="0.0"/>
  <testcase name="savesAge" classname="HeroTest" time="0.0"/>
  <testcase name="find_hero_by_name" classname="HeroTest" time="0.0"/>
  <testcase name="find_returnsNullWhenNoTaskFound_null" classname="HeroTest" time="0.0"/>
  <testcase name="all_returns_all_instancesOfHero" classname="HeroTest" time="0.001"/>
  <testcase name="savesName" classname="HeroTest" time="0.0"/>
  <testcase name="clear_emptiesAllCategoriesFromList_0" classname="HeroTest" time="0.0"/>
  <testcase name="saveSpecialPowers" classname="HeroTest" time="0.0"/>
  <testcase name="createsInstanceOfHero" classname="HeroTest" time="0.0"/>
  <testcase name="find_returnsCategoryWithSameId_secondCategory" classname="HeroTest" time="0.0"/>
  <system-out><![CDATA[]]></system-out>
  <system-err><![CDATA[]]></system-err>
</testsuite>
