<?xml version="1.0" encoding="UTF-8"?>
<testsuite name="SquadTest" tests="10" skipped="0" failures="0" errors="0" timestamp="2019-04-14T11:02:50" hostname="DESKTOP-PGJJKBQ" time="0.22">
  <properties/>
  <testcase name="saves_squadName_squad_1" classname="SquadTest" time="0.199"/>
  <testcase name="all_returns_all_instancesOfSquad" classname="SquadTest" time="0.004"/>
  <testcase name="saves_cause_black_lives_matterl" classname="SquadTest" time="0.001"/>
  <testcase name="addsHeroesToList_true" classname="SquadTest" time="0.0"/>
  <testcase name="getId_SquadInstantiateWithAnId_1" classname="SquadTest" time="0.001"/>
  <testcase name="creates_instanceOfSquad" classname="SquadTest" time="0.0"/>
  <testcase name="saves_maxSize_5" classname="SquadTest" time="0.0"/>
  <testcase name="clear_emptiesAllSquadsFromList_0" classname="SquadTest" time="0.0"/>
  <testcase name="find_returnsCategoryWithSameId_secondCategory" classname="SquadTest" time="0.0"/>
  <testcase name="getSquad_initiallyReturnsEmptyList_ArrayList" classname="SquadTest" time="0.0"/>
  <system-out><![CDATA[]]></system-out>
  <system-err><![CDATA[]]></system-err>
</testsuite>
